2023-08-31 13:52:42,220 [Worker-0: Loading available Gradle versions] INFO  o.e.b.c.i.u.g.PublishedGradleVersions - Gradle version information cache is out-of-date. Trying to update.
2023-08-31 13:52:43,308 [Worker-2: Initialize Workspace] WARN  o.e.m.c.i.markers.MarkerUtils - Could not find OSGI service for org.eclipse.m2e.core.internal.markers.IEditorMarkerService
2023-08-31 13:52:43,790 [Worker-2: Initialize Workspace] INFO  o.e.m.c.i.l.LifecycleMappingFactory - Using org.eclipse.m2e.jdt.JarLifecycleMapping lifecycle mapping for MavenProject: org.example:testproj:1.0-SNAPSHOT @ C:\Users\nasir\tung\client-ide\workspace\test-project\pom.xml.
2023-08-31 13:52:43,904 [Worker-2: Initialize Workspace] INFO  o.e.m.j.i.AbstractJavaProjectConfigurator - Adding source folder /testproj/src/main/java
2023-08-31 13:52:43,906 [Worker-2: Initialize Workspace] INFO  o.e.m.j.i.AbstractJavaProjectConfigurator - Adding source folder /testproj/src/test/java
2023-08-31 13:52:44,006 [Worker-2: Initialize Workspace] INFO  o.e.m.c.i.p.ProjectConfigurationManager - Imported and configured 1 project(s) in 0 sec
2023-08-31 13:52:44,298 [Worker-2: Building] INFO  o.e.m.c.i.embedder.EclipseLogger - Using 'UTF-8' encoding to copy filtered resources.
2023-08-31 13:52:44,299 [Worker-2: Building] INFO  o.e.m.c.i.embedder.EclipseLogger - skip non existing resourceDirectory C:\Users\nasir\tung\client-ide\workspace\test-project\src\main\resources
2023-08-31 13:52:44,300 [Worker-2: Building] INFO  o.e.m.c.i.embedder.EclipseLogger - Using 'UTF-8' encoding to copy filtered resources.
2023-08-31 13:52:44,300 [Worker-2: Building] INFO  o.e.m.c.i.embedder.EclipseLogger - skip non existing resourceDirectory C:\Users\nasir\tung\client-ide\workspace\test-project\src\test\resources
2023-08-31 13:53:13,179 [Worker-3: Loading available Gradle versions] INFO  o.e.b.c.i.u.g.PublishedGradleVersions - Gradle version information cache is up-to-date. Trying to read.
2023-08-31 13:53:13,931 [Worker-0: Building] INFO  o.e.m.c.i.embedder.EclipseLogger - Using 'UTF-8' encoding to copy filtered resources.
2023-08-31 13:53:13,931 [Worker-0: Building] INFO  o.e.m.c.i.embedder.EclipseLogger - skip non existing resourceDirectory C:\Users\nasir\tung\client-ide\workspace\test-project\src\main\resources
2023-08-31 13:53:13,932 [Worker-0: Building] INFO  o.e.m.c.i.embedder.EclipseLogger - Using 'UTF-8' encoding to copy filtered resources.
2023-08-31 13:53:13,932 [Worker-0: Building] INFO  o.e.m.c.i.embedder.EclipseLogger - skip non existing resourceDirectory C:\Users\nasir\tung\client-ide\workspace\test-project\src\test\resources
2023-08-31 14:20:18,249 [Worker-2: Loading available Gradle versions] INFO  o.e.b.c.i.u.g.PublishedGradleVersions - Gradle version information cache is up-to-date. Trying to read.
2023-08-31 14:20:19,109 [Worker-3: Building] INFO  o.e.m.c.i.embedder.EclipseLogger - Using 'UTF-8' encoding to copy filtered resources.
2023-08-31 14:20:19,109 [Worker-3: Building] INFO  o.e.m.c.i.embedder.EclipseLogger - skip non existing resourceDirectory C:\Users\nasir\tung\client-ide\workspace\test-project\src\main\resources
2023-08-31 14:20:19,110 [Worker-3: Building] INFO  o.e.m.c.i.embedder.EclipseLogger - Using 'UTF-8' encoding to copy filtered resources.
2023-08-31 14:20:19,111 [Worker-3: Building] INFO  o.e.m.c.i.embedder.EclipseLogger - skip non existing resourceDirectory C:\Users\nasir\tung\client-ide\workspace\test-project\src\test\resources
2023-08-31 14:20:28,350 [Worker-3: Loading available Gradle versions] INFO  o.e.b.c.i.u.g.PublishedGradleVersions - Gradle version information cache is up-to-date. Trying to read.
2023-08-31 14:20:28,804 [Worker-0: Repository registry initialization] ERROR o.e.m.c.i.i.nexus.NexusIndexManager - Error changing index details workspace://
org.apache.lucene.store.LockObtainFailedException: Lock held by another process: C:\Users\nasir\tung\client-ide\workspace\work\.metadata\.plugins\org.eclipse.m2e.core\nexus\830bc118332e77292949ed1e6d2fabe0\write.lock
	at org.apache.maven.index.context.DefaultIndexingContext.unlockForcibly(DefaultIndexingContext.java:931)
	at org.apache.maven.index.context.DefaultIndexingContext.prepareCleanIndex(DefaultIndexingContext.java:281)
	at org.apache.maven.index.context.DefaultIndexingContext.prepareIndex(DefaultIndexingContext.java:255)
	at org.apache.maven.index.context.DefaultIndexingContext.<init>(DefaultIndexingContext.java:162)
	at org.apache.maven.index.context.DefaultIndexingContext.<init>(DefaultIndexingContext.java:193)
	at org.apache.maven.index.DefaultNexusIndexer.addIndexingContextForced(DefaultNexusIndexer.java:155)
	at org.eclipse.m2e.core.internal.index.nexus.NexusIndexManager.createIndexingContext(NexusIndexManager.java:985)
	at org.eclipse.m2e.core.internal.index.nexus.NexusIndexManager.setIndexDetails(NexusIndexManager.java:952)
	at org.eclipse.m2e.core.internal.index.nexus.NexusIndexManager.repositoryAdded(NexusIndexManager.java:898)
	at org.eclipse.m2e.core.internal.repository.RepositoryRegistry.addRepository(RepositoryRegistry.java:166)
	at org.eclipse.m2e.core.internal.repository.RepositoryRegistry.updateRegistry(RepositoryRegistry.java:239)
	at org.eclipse.m2e.core.internal.repository.RepositoryRegistryUpdateJob.run(RepositoryRegistryUpdateJob.java:50)
	at org.eclipse.core.internal.jobs.Worker.run(Worker.java:63)
2023-08-31 14:20:28,805 [Worker-0: Repository registry initialization] ERROR o.e.m.c.i.r.RepositoryRegistry - Could not add repository index
org.eclipse.core.runtime.CoreException: Could not add repository index
	at org.eclipse.m2e.core.internal.index.nexus.NexusIndexManager.setIndexDetails(NexusIndexManager.java:965)
	at org.eclipse.m2e.core.internal.index.nexus.NexusIndexManager.repositoryAdded(NexusIndexManager.java:898)
	at org.eclipse.m2e.core.internal.repository.RepositoryRegistry.addRepository(RepositoryRegistry.java:166)
	at org.eclipse.m2e.core.internal.repository.RepositoryRegistry.updateRegistry(RepositoryRegistry.java:239)
	at org.eclipse.m2e.core.internal.repository.RepositoryRegistryUpdateJob.run(RepositoryRegistryUpdateJob.java:50)
	at org.eclipse.core.internal.jobs.Worker.run(Worker.java:63)
Caused by: org.apache.lucene.store.LockObtainFailedException: Lock held by another process: C:\Users\nasir\tung\client-ide\workspace\work\.metadata\.plugins\org.eclipse.m2e.core\nexus\830bc118332e77292949ed1e6d2fabe0\write.lock
	at org.apache.maven.index.context.DefaultIndexingContext.unlockForcibly(DefaultIndexingContext.java:931)
	at org.apache.maven.index.context.DefaultIndexingContext.prepareCleanIndex(DefaultIndexingContext.java:281)
	at org.apache.maven.index.context.DefaultIndexingContext.prepareIndex(DefaultIndexingContext.java:255)
	at org.apache.maven.index.context.DefaultIndexingContext.<init>(DefaultIndexingContext.java:162)
	at org.apache.maven.index.context.DefaultIndexingContext.<init>(DefaultIndexingContext.java:193)
	at org.apache.maven.index.DefaultNexusIndexer.addIndexingContextForced(DefaultNexusIndexer.java:155)
	at org.eclipse.m2e.core.internal.index.nexus.NexusIndexManager.createIndexingContext(NexusIndexManager.java:985)
	at org.eclipse.m2e.core.internal.index.nexus.NexusIndexManager.setIndexDetails(NexusIndexManager.java:952)
	... 5 common frames omitted
2023-08-31 14:20:28,807 [Worker-0: Repository registry initialization] ERROR o.e.m.c.i.i.nexus.NexusIndexManager - Error changing index details file:/C:/Users/nasir/.m2/repository/
org.apache.lucene.store.LockObtainFailedException: Lock held by another process: C:\Users\nasir\tung\client-ide\workspace\work\.metadata\.plugins\org.eclipse.m2e.core\nexus\fedb841d1e6166142b8f848a3cda03e7\write.lock
	at org.apache.maven.index.context.DefaultIndexingContext.unlockForcibly(DefaultIndexingContext.java:931)
	at org.apache.maven.index.context.DefaultIndexingContext.prepareCleanIndex(DefaultIndexingContext.java:281)
	at org.apache.maven.index.context.DefaultIndexingContext.prepareIndex(DefaultIndexingContext.java:255)
	at org.apache.maven.index.context.DefaultIndexingContext.<init>(DefaultIndexingContext.java:162)
	at org.apache.maven.index.context.DefaultIndexingContext.<init>(DefaultIndexingContext.java:193)
	at org.apache.maven.index.DefaultNexusIndexer.addIndexingContextForced(DefaultNexusIndexer.java:155)
	at org.eclipse.m2e.core.internal.index.nexus.NexusIndexManager.createIndexingContext(NexusIndexManager.java:985)
	at org.eclipse.m2e.core.internal.index.nexus.NexusIndexManager.setIndexDetails(NexusIndexManager.java:952)
	at org.eclipse.m2e.core.internal.index.nexus.NexusIndexManager.repositoryAdded(NexusIndexManager.java:898)
	at org.eclipse.m2e.core.internal.repository.RepositoryRegistry.addRepository(RepositoryRegistry.java:166)
	at org.eclipse.m2e.core.internal.repository.RepositoryRegistry.updateRegistry(RepositoryRegistry.java:244)
	at org.eclipse.m2e.core.internal.repository.RepositoryRegistryUpdateJob.run(RepositoryRegistryUpdateJob.java:50)
	at org.eclipse.core.internal.jobs.Worker.run(Worker.java:63)
2023-08-31 14:20:28,807 [Worker-0: Repository registry initialization] ERROR o.e.m.c.i.r.RepositoryRegistry - Could not add repository index
org.eclipse.core.runtime.CoreException: Could not add repository index
	at org.eclipse.m2e.core.internal.index.nexus.NexusIndexManager.setIndexDetails(NexusIndexManager.java:965)
	at org.eclipse.m2e.core.internal.index.nexus.NexusIndexManager.repositoryAdded(NexusIndexManager.java:898)
	at org.eclipse.m2e.core.internal.repository.RepositoryRegistry.addRepository(RepositoryRegistry.java:166)
	at org.eclipse.m2e.core.internal.repository.RepositoryRegistry.updateRegistry(RepositoryRegistry.java:244)
	at org.eclipse.m2e.core.internal.repository.RepositoryRegistryUpdateJob.run(RepositoryRegistryUpdateJob.java:50)
	at org.eclipse.core.internal.jobs.Worker.run(Worker.java:63)
Caused by: org.apache.lucene.store.LockObtainFailedException: Lock held by another process: C:\Users\nasir\tung\client-ide\workspace\work\.metadata\.plugins\org.eclipse.m2e.core\nexus\fedb841d1e6166142b8f848a3cda03e7\write.lock
	at org.apache.maven.index.context.DefaultIndexingContext.unlockForcibly(DefaultIndexingContext.java:931)
	at org.apache.maven.index.context.DefaultIndexingContext.prepareCleanIndex(DefaultIndexingContext.java:281)
	at org.apache.maven.index.context.DefaultIndexingContext.prepareIndex(DefaultIndexingContext.java:255)
	at org.apache.maven.index.context.DefaultIndexingContext.<init>(DefaultIndexingContext.java:162)
	at org.apache.maven.index.context.DefaultIndexingContext.<init>(DefaultIndexingContext.java:193)
	at org.apache.maven.index.DefaultNexusIndexer.addIndexingContextForced(DefaultNexusIndexer.java:155)
	at org.eclipse.m2e.core.internal.index.nexus.NexusIndexManager.createIndexingContext(NexusIndexManager.java:985)
	at org.eclipse.m2e.core.internal.index.nexus.NexusIndexManager.setIndexDetails(NexusIndexManager.java:952)
	... 5 common frames omitted
2023-08-31 14:20:28,813 [Worker-0: Repository registry initialization] ERROR o.e.m.c.i.i.nexus.NexusIndexManager - Error changing index details central|https://repo.maven.apache.org/maven2
org.apache.lucene.store.LockObtainFailedException: Lock held by another process: C:\Users\nasir\tung\client-ide\workspace\work\.metadata\.plugins\org.eclipse.m2e.core\nexus\05b0fe8524860bd73cbb07ef30fb34cc\write.lock
	at org.apache.maven.index.context.DefaultIndexingContext.unlockForcibly(DefaultIndexingContext.java:931)
	at org.apache.maven.index.context.DefaultIndexingContext.prepareCleanIndex(DefaultIndexingContext.java:281)
	at org.apache.maven.index.context.DefaultIndexingContext.prepareIndex(DefaultIndexingContext.java:255)
	at org.apache.maven.index.context.DefaultIndexingContext.<init>(DefaultIndexingContext.java:162)
	at org.apache.maven.index.context.DefaultIndexingContext.<init>(DefaultIndexingContext.java:193)
	at org.apache.maven.index.DefaultNexusIndexer.addIndexingContextForced(DefaultNexusIndexer.java:155)
	at org.eclipse.m2e.core.internal.index.nexus.NexusIndexManager.createIndexingContext(NexusIndexManager.java:985)
	at org.eclipse.m2e.core.internal.index.nexus.NexusIndexManager.setIndexDetails(NexusIndexManager.java:952)
	at org.eclipse.m2e.core.internal.index.nexus.NexusIndexManager.repositoryAdded(NexusIndexManager.java:898)
	at org.eclipse.m2e.core.internal.repository.RepositoryRegistry.addRepository(RepositoryRegistry.java:166)
	at org.eclipse.m2e.core.internal.repository.RepositoryRegistry.updateRegistry(RepositoryRegistry.java:266)
	at org.eclipse.m2e.core.internal.repository.RepositoryRegistryUpdateJob.run(RepositoryRegistryUpdateJob.java:50)
	at org.eclipse.core.internal.jobs.Worker.run(Worker.java:63)
2023-08-31 14:20:28,813 [Worker-0: Repository registry initialization] ERROR o.e.m.c.i.r.RepositoryRegistry - Could not add repository index
org.eclipse.core.runtime.CoreException: Could not add repository index
	at org.eclipse.m2e.core.internal.index.nexus.NexusIndexManager.setIndexDetails(NexusIndexManager.java:965)
	at org.eclipse.m2e.core.internal.index.nexus.NexusIndexManager.repositoryAdded(NexusIndexManager.java:898)
	at org.eclipse.m2e.core.internal.repository.RepositoryRegistry.addRepository(RepositoryRegistry.java:166)
	at org.eclipse.m2e.core.internal.repository.RepositoryRegistry.updateRegistry(RepositoryRegistry.java:266)
	at org.eclipse.m2e.core.internal.repository.RepositoryRegistryUpdateJob.run(RepositoryRegistryUpdateJob.java:50)
	at org.eclipse.core.internal.jobs.Worker.run(Worker.java:63)
Caused by: org.apache.lucene.store.LockObtainFailedException: Lock held by another process: C:\Users\nasir\tung\client-ide\workspace\work\.metadata\.plugins\org.eclipse.m2e.core\nexus\05b0fe8524860bd73cbb07ef30fb34cc\write.lock
	at org.apache.maven.index.context.DefaultIndexingContext.unlockForcibly(DefaultIndexingContext.java:931)
	at org.apache.maven.index.context.DefaultIndexingContext.prepareCleanIndex(DefaultIndexingContext.java:281)
	at org.apache.maven.index.context.DefaultIndexingContext.prepareIndex(DefaultIndexingContext.java:255)
	at org.apache.maven.index.context.DefaultIndexingContext.<init>(DefaultIndexingContext.java:162)
	at org.apache.maven.index.context.DefaultIndexingContext.<init>(DefaultIndexingContext.java:193)
	at org.apache.maven.index.DefaultNexusIndexer.addIndexingContextForced(DefaultNexusIndexer.java:155)
	at org.eclipse.m2e.core.internal.index.nexus.NexusIndexManager.createIndexingContext(NexusIndexManager.java:985)
	at org.eclipse.m2e.core.internal.index.nexus.NexusIndexManager.setIndexDetails(NexusIndexManager.java:952)
	... 5 common frames omitted
2023-08-31 14:20:29,223 [Worker-0: Building] INFO  o.e.m.c.i.embedder.EclipseLogger - Using 'UTF-8' encoding to copy filtered resources.
2023-08-31 14:20:29,223 [Worker-0: Building] INFO  o.e.m.c.i.embedder.EclipseLogger - skip non existing resourceDirectory C:\Users\nasir\tung\client-ide\workspace\test-project\src\main\resources
2023-08-31 14:20:29,224 [Worker-0: Building] INFO  o.e.m.c.i.embedder.EclipseLogger - Using 'UTF-8' encoding to copy filtered resources.
2023-08-31 14:20:29,224 [Worker-0: Building] INFO  o.e.m.c.i.embedder.EclipseLogger - skip non existing resourceDirectory C:\Users\nasir\tung\client-ide\workspace\test-project\src\test\resources
2023-08-31 15:13:15,179 [Worker-1: Loading available Gradle versions] INFO  o.e.b.c.i.u.g.PublishedGradleVersions - Gradle version information cache is up-to-date. Trying to read.
2023-08-31 15:13:15,466 [Worker-0: Initialize Workspace] WARN  o.e.m.c.i.markers.MarkerUtils - Could not find OSGI service for org.eclipse.m2e.core.internal.markers.IEditorMarkerService
2023-08-31 15:13:15,718 [Worker-0: Initialize Workspace] INFO  o.e.m.c.i.l.LifecycleMappingFactory - Using org.eclipse.m2e.jdt.JarLifecycleMapping lifecycle mapping for MavenProject: org.example:testproj:1.0-SNAPSHOT @ C:\Users\nasir\IdeaProjects\tungsten\run\tungsten\appdata\lsp\test-project\pom.xml.
2023-08-31 15:13:15,955 [Worker-0: Initialize Workspace] INFO  o.e.m.j.i.AbstractJavaProjectConfigurator - Adding source folder /testproj/src/main/java
2023-08-31 15:13:15,955 [Worker-0: Initialize Workspace] INFO  o.e.m.j.i.AbstractJavaProjectConfigurator - Adding source folder /testproj/src/test/java
2023-08-31 15:13:15,974 [Worker-0: Initialize Workspace] INFO  o.e.m.c.i.p.ProjectConfigurationManager - Imported and configured 1 project(s) in 0 sec
2023-08-31 15:13:16,194 [Worker-1: Building] INFO  o.e.m.c.i.embedder.EclipseLogger - Using 'UTF-8' encoding to copy filtered resources.
2023-08-31 15:13:16,194 [Worker-1: Building] INFO  o.e.m.c.i.embedder.EclipseLogger - skip non existing resourceDirectory C:\Users\nasir\IdeaProjects\tungsten\run\tungsten\appdata\lsp\test-project\src\main\resources
2023-08-31 15:13:16,195 [Worker-1: Building] INFO  o.e.m.c.i.embedder.EclipseLogger - Using 'UTF-8' encoding to copy filtered resources.
2023-08-31 15:13:16,195 [Worker-1: Building] INFO  o.e.m.c.i.embedder.EclipseLogger - skip non existing resourceDirectory C:\Users\nasir\IdeaProjects\tungsten\run\tungsten\appdata\lsp\test-project\src\test\resources
2023-08-31 15:13:16,219 [Worker-3: Updating Maven Dependencies] WARN  o.e.m.c.i.markers.MarkerUtils - Could not find OSGI service for org.eclipse.m2e.core.internal.markers.IEditorMarkerService
2023-08-31 15:13:16,386 [Worker-3: Updating Maven Dependencies] INFO  o.e.m.c.i.l.LifecycleMappingFactory - Using org.eclipse.m2e.jdt.JarLifecycleMapping lifecycle mapping for MavenProject: org.example:testproj:1.0-SNAPSHOT @ C:\Users\nasir\IdeaProjects\tungsten\run\tungsten\appdata\lsp\test-project\pom.xml.
2023-08-31 15:13:16,505 [Worker-4: Building] INFO  o.e.m.c.i.embedder.EclipseLogger - Using 'UTF-8' encoding to copy filtered resources.
2023-08-31 15:13:16,505 [Worker-4: Building] INFO  o.e.m.c.i.embedder.EclipseLogger - skip non existing resourceDirectory C:\Users\nasir\IdeaProjects\tungsten\run\tungsten\appdata\lsp\test-project\src\main\resources
2023-08-31 15:13:16,506 [Worker-4: Building] INFO  o.e.m.c.i.embedder.EclipseLogger - Using 'UTF-8' encoding to copy filtered resources.
2023-08-31 15:13:16,506 [Worker-4: Building] INFO  o.e.m.c.i.embedder.EclipseLogger - skip non existing resourceDirectory C:\Users\nasir\IdeaProjects\tungsten\run\tungsten\appdata\lsp\test-project\src\test\resources
